0 info it worked if it ends with ok
1 verbose cli [ '/usr/local/bin/node',
1 verbose cli   '/usr/local/bin/npm',
1 verbose cli   'install',
1 verbose cli   'engine.io',
1 verbose cli   '-g' ]
2 info using npm@1.4.28
3 info using node@v0.10.35
4 verbose cache add [ 'engine.io', null ]
5 verbose cache add name=undefined spec="engine.io" args=["engine.io",null]
6 verbose parsed url { protocol: null,
6 verbose parsed url   slashes: null,
6 verbose parsed url   auth: null,
6 verbose parsed url   host: null,
6 verbose parsed url   port: null,
6 verbose parsed url   hostname: null,
6 verbose parsed url   hash: null,
6 verbose parsed url   search: null,
6 verbose parsed url   query: null,
6 verbose parsed url   pathname: 'engine.io',
6 verbose parsed url   path: 'engine.io',
6 verbose parsed url   href: 'engine.io' }
7 silly lockFile 5e427b5a-engine-io engine.io
8 verbose lock engine.io /Users/Nitesh/.npm/5e427b5a-engine-io.lock
9 silly lockFile 5e427b5a-engine-io engine.io
10 silly lockFile 5e427b5a-engine-io engine.io
11 verbose addNamed [ 'engine.io', '' ]
12 verbose addNamed [ null, '*' ]
13 silly lockFile 0a0dee48-engine-io engine.io@
14 verbose lock engine.io@ /Users/Nitesh/.npm/0a0dee48-engine-io.lock
15 silly addNameRange { name: 'engine.io', range: '*', hasData: false }
16 verbose request where is /engine.io
17 verbose request registry https://registry.npmjs.org/
18 verbose request id b5f4cf72ad05d67b
19 verbose url raw /engine.io
20 verbose url resolving [ 'https://registry.npmjs.org/', './engine.io' ]
21 verbose url resolved https://registry.npmjs.org/engine.io
22 verbose request where is https://registry.npmjs.org/engine.io
23 info trying registry request attempt 1 at 11:26:04
24 verbose etag "DHPHH93UNRHCGA5I1U7V34MKL"
25 http GET https://registry.npmjs.org/engine.io
26 http 304 https://registry.npmjs.org/engine.io
27 silly registry.get cb [ 304,
27 silly registry.get   { date: 'Fri, 09 Jan 2015 19:26:04 GMT',
27 silly registry.get     server: 'Apache',
27 silly registry.get     via: '1.1 varnish',
27 silly registry.get     'last-modified': 'Fri, 09 Jan 2015 19:26:04 GMT',
27 silly registry.get     'cache-control': 'max-age=60',
27 silly registry.get     etag: '"DHPHH93UNRHCGA5I1U7V34MKL"',
27 silly registry.get     age: '32',
27 silly registry.get     'x-served-by': 'cache-lax1422-LAX',
27 silly registry.get     'x-cache': 'HIT',
27 silly registry.get     'x-cache-hits': '1',
27 silly registry.get     'x-timer': 'S1420831564.703668,VS0,VE3',
27 silly registry.get     vary: 'Accept',
27 silly registry.get     'content-length': '0',
27 silly registry.get     'keep-alive': 'timeout=10, max=50',
27 silly registry.get     connection: 'Keep-Alive' } ]
28 verbose etag https://registry.npmjs.org/engine.io from cache
29 silly addNameRange number 2 { name: 'engine.io', range: '*', hasData: true }
30 silly addNameRange versions [ 'engine.io',
30 silly addNameRange   [ '0.1.0',
30 silly addNameRange     '0.1.1',
30 silly addNameRange     '0.1.2',
30 silly addNameRange     '0.2.0',
30 silly addNameRange     '0.2.1',
30 silly addNameRange     '0.2.2',
30 silly addNameRange     '0.3.0',
30 silly addNameRange     '0.3.1',
30 silly addNameRange     '0.3.2',
30 silly addNameRange     '0.3.3',
30 silly addNameRange     '0.3.4',
30 silly addNameRange     '0.3.5',
30 silly addNameRange     '0.3.7',
30 silly addNameRange     '0.3.8',
30 silly addNameRange     '0.3.9',
30 silly addNameRange     '0.3.10',
30 silly addNameRange     '0.4.1',
30 silly addNameRange     '0.4.2',
30 silly addNameRange     '0.4.3',
30 silly addNameRange     '0.5.0',
30 silly addNameRange     '0.6.0',
30 silly addNameRange     '0.6.1',
30 silly addNameRange     '0.6.2',
30 silly addNameRange     '0.6.3',
30 silly addNameRange     '0.7.0',
30 silly addNameRange     '0.7.1',
30 silly addNameRange     '0.7.2',
30 silly addNameRange     '0.7.3',
30 silly addNameRange     '0.7.4',
30 silly addNameRange     '0.7.5',
30 silly addNameRange     '0.7.6',
30 silly addNameRange     '0.7.7',
30 silly addNameRange     '0.7.8',
30 silly addNameRange     '0.7.9',
30 silly addNameRange     '0.7.10',
30 silly addNameRange     '0.7.11',
30 silly addNameRange     '0.7.12',
30 silly addNameRange     '0.7.13',
30 silly addNameRange     '0.7.14',
30 silly addNameRange     '0.8.0',
30 silly addNameRange     '0.8.1',
30 silly addNameRange     '0.8.2',
30 silly addNameRange     '0.9.0',
30 silly addNameRange     '1.0.0',
30 silly addNameRange     '1.0.1',
30 silly addNameRange     '1.0.2',
30 silly addNameRange     '1.0.3',
30 silly addNameRange     '1.0.4',
30 silly addNameRange     '1.0.5',
30 silly addNameRange     '1.1.0',
30 silly addNameRange     '1.1.1',
30 silly addNameRange     '1.2.0',
30 silly addNameRange     '1.2.1',
30 silly addNameRange     '1.2.2',
30 silly addNameRange     '1.3.0',
30 silly addNameRange     '1.3.1',
30 silly addNameRange     '1.4.0',
30 silly addNameRange     '1.4.1',
30 silly addNameRange     '1.4.2',
30 silly addNameRange     '1.4.3' ] ]
31 verbose addNamed [ 'engine.io', '1.4.3' ]
32 verbose addNamed [ '1.4.3', '1.4.3' ]
33 silly lockFile 29eb9b52-engine-io-1-4-3 engine.io@1.4.3
34 verbose lock engine.io@1.4.3 /Users/Nitesh/.npm/29eb9b52-engine-io-1-4-3.lock
35 silly lockFile 29eb9b52-engine-io-1-4-3 engine.io@1.4.3
36 silly lockFile 29eb9b52-engine-io-1-4-3 engine.io@1.4.3
37 silly lockFile 0a0dee48-engine-io engine.io@
38 silly lockFile 0a0dee48-engine-io engine.io@
39 silly resolved [ { name: 'engine.io',
39 silly resolved     version: '1.4.3',
39 silly resolved     description: 'The realtime engine behind Socket.IO. Provides the foundation of a bidirectional connection between client and server',
39 silly resolved     main: './lib/engine.io',
39 silly resolved     author: { name: 'Guillermo Rauch', email: 'guillermo@learnboost.com' },
39 silly resolved     homepage: 'https://github.com/LearnBoost/engine.io',
39 silly resolved     repository: { type: 'git', url: 'git@github.com:LearnBoost/engine.io.git' },
39 silly resolved     contributors: [ [Object], [Object], [Object], [Object] ],
39 silly resolved     dependencies:
39 silly resolved      { debug: '1.0.3',
39 silly resolved        ws: '0.5.0',
39 silly resolved        'engine.io-parser': '1.1.0',
39 silly resolved        base64id: '0.1.0' },
39 silly resolved     devDependencies:
39 silly resolved      { mocha: '1.12.0',
39 silly resolved        'expect.js': '0.2.0',
39 silly resolved        superagent: '0.15.4',
39 silly resolved        'engine.io-client': '1.4.3',
39 silly resolved        s: '0.1.1' },
39 silly resolved     scripts: { test: 'make test' },
39 silly resolved     readme: '\n# Engine.IO: the realtime engine\n\n[![Build Status](https://secure.travis-ci.org/Automattic/engine.io.png)](http://travis-ci.org/Automattic/engine.io)\n[![NPM version](https://badge.fury.io/js/engine.io.png)](http://badge.fury.io/js/engine.io)\n\n`Engine.IO` is the implementation of transport-based\ncross-browser/cross-device bi-directional communication layer for\n[Socket.IO](http://github.com/learnboost/socket.io).\n\n## How to use\n\n### Server\n\n#### (A) Listening on a port\n\n```js\nvar engine = require(\'engine.io\');\nvar server = engine.listen(80);\n\nserver.on(\'connection\', function(socket){\n  socket.send(\'utf 8 string\');\n  socket.send(new Buffer([0, 1, 2, 3, 4, 5])); // binary data\n});\n```\n\n#### (B) Intercepting requests for a http.Server\n\n```js\nvar engine = require(\'engine.io\');\nvar http = require(\'http\').createServer().listen(3000);\nvar server = engine.attach(http);\n\nserver.on(\'connection\', function (socket) {\n  socket.on(\'message\', function(data){ });\n  socket.on(\'close\', function(){ });\n});\n```\n\n#### (C) Passing in requests\n\n```js\nvar engine = require(\'engine.io\');\nvar server = new engine.Server();\n\nserver.on(\'connection\', function(socket){\n  socket.send(\'hi\');\n});\n\n// …\nhttpServer.on(\'upgrade\', function(req, socket, head){\n  server.handleUpgrade(req, socket, head);\n});\nhttpServer.on(\'request\', function(req, res){\n  server.handleRequest(req, res);\n});\n```\n\n### Client\n\n```html\n<script src="/path/to/engine.io.js"></script>\n<script>\n  var socket = new eio.Socket(\'ws://localhost/\');\n  socket.on(\'open\', function(){\n    socket.on(\'message\', function(data){});\n    socket.on(\'close\', function(){});\n  });\n</script>\n```\n\nFor more information on the client refer to the\n[engine-client](http://github.com/learnboost/engine.io-client) repository.\n\n## What features does it have?\n\n- **Maximum reliability**. Connections are established even in the presence of:\n  - proxies and load balancers.\n  - personal firewall and antivirus software.\n  - for more information refer to **Goals** and **Architecture** sections\n- **Minimal client size** aided by:\n  - lazy loading of flash transports.\n  - lack of redundant transports.\n- **Scalable**\n  - load balancer friendly\n- **Future proof**\n- **100% Node.JS core style**\n  - No API sugar (left for higher level projects)\n  - Written in readable vanilla JavaScript\n\n## API\n\n### Server\n\n<hr><br>\n\n#### Top-level\n\nThese are exposed by `require(\'engine.io\')`:\n\n##### Events\n\n- `flush`\n    - Called when a socket buffer is being flushed.\n    - **Arguments**\n      - `Socket`: socket being flushed\n      - `Array`: write buffer\n- `drain`\n    - Called when a socket buffer is drained\n    - **Arguments**\n      - `Socket`: socket being flushed\n\n##### Properties\n\n- `protocol` _(Number)_: protocol revision number\n- `Server`: Server class constructor\n- `Socket`: Socket class constructor\n- `Transport` _(Function)_: transport constructor\n- `transports` _(Object)_: map of available transports\n\n##### Methods\n\n- `()`\n    - Returns a new `Server` instance. If the first argument is an `http.Server` then the\n      new `Server` instance will be attached to it. Otherwise, the arguments are passed\n      directly to the `Server` constructor.\n    - **Parameters**\n      - `http.Server`: optional, server to attach to.\n      - `Object`: optional, options object (see `Server#constructor` api docs below)\n\n  The following are identical ways to instantiate a server and then attach it.\n  ```js\n  var httpServer; // previously created with `http.createServer();` from node.js api.\n\n  // create a server first, and then attach\n  var eioServer = require(\'engine.io\').Server();\n  eioServer.attach(httpServer);\n\n  // or call the module as a function to get `Server`\n  var eioServer = require(\'engine.io\')();\n  eioServer.attach(httpServer);\n\n  // immediately attach\n  var eioServer = require(\'engine.io\')(httpServer);\n  ```\n\n- `listen`\n    - Creates an `http.Server` which listens on the given port and attaches WS\n      to it. It returns `501 Not Implemented` for regular http requests.\n    - **Parameters**\n      - `Number`: port to listen on.\n      - `Object`: optional, options object\n      - `Function`: callback for `listen`.\n    - **Options**\n      - All options from `Server.attach` method, documented below.\n      - **Additionally** See Server `constructor` below for options you can pass for creating the new Server\n    - **Returns** `Server`\n- `attach`\n    - Captures `upgrade` requests for a `http.Server`. In other words, makes\n      a regular http.Server WebSocket-compatible.\n    - **Parameters**\n      - `http.Server`: server to attach to.\n      - `Object`: optional, options object\n    - **Options**\n      - All options from `Server.attach` method, documented below.\n      - **Additionally** See Server `constructor` below for options you can pass for creating the new Server\n    - **Returns** `Server` a new Server instance.\n\n<hr><br>\n\n#### Server\n\nThe main server/manager. _Inherits from EventEmitter_.\n\n##### Events\n\n- `connection`\n    - Fired when a new connection is established.\n    - **Arguments**\n      - `Socket`: a Socket object\n\n##### Properties\n\n**Important**: if you plan to use Engine.IO in a scalable way, please\nkeep in mind the properties below will only reflect the clients connected\nto a single process.\n\n- `clients` _(Object)_: hash of connected clients by id.\n- `clientsCount` _(Number)_: number of connected clients.\n\n##### Methods\n\n- **constructor**\n    - Initializes the server\n    - **Parameters**\n      - `Object`: optional, options object\n    - **Options**\n      - `pingTimeout` (`Number`): how many ms without a pong packet to\n        consider the connection closed (`60000`)\n      - `pingInterval` (`Number`): how many ms before sending a new ping\n        packet (`25000`)\n      - `maxHttpBufferSize` (`Number`): how many bytes or characters a message\n        can be when polling, before closing the session (to avoid DoS). Default\n        value is `10E7`.\n      - `allowRequest` (`Function`): A function that receives a given handshake\n        or upgrade request as its first parameter, and can decide whether to\n        continue or not. The second argument is a function that needs to be\n        called with the decided information: `fn(err, success)`, where\n        `success` is a boolean value where false means that the request is\n        rejected, and err is an error code.\n      - `transports` (`<Array> String`): transports to allow connections\n        to (`[\'polling\', \'websocket\']`)\n      - `allowUpgrades` (`Boolean`): whether to allow transport upgrades\n        (`true`)\n      - `cookie` (`String|Boolean`): name of the HTTP cookie that\n        contains the client sid to send as part of handshake response\n        headers. Set to `false` to not send one. (`io`)\n- `close`\n    - Closes all clients\n    - **Returns** `Server` for chaining\n- `handleRequest`\n    - Called internally when a `Engine` request is intercepted.\n    - **Parameters**\n      - `http.ServerRequest`: a node request object\n      - `http.ServerResponse`: a node response object\n    - **Returns** `Server` for chaining\n- `handleUpgrade`\n    - Called internally when a `Engine` ws upgrade is intercepted.\n    - **Parameters** (same as `upgrade` event)\n      - `http.ServerRequest`: a node request object\n      - `net.Stream`: TCP socket for the request\n      - `Buffer`: legacy tail bytes\n    - **Returns** `Server` for chaining\n- `attach`\n    - Attach this Server instance to an `http.Server`\n    - Captures `upgrade` requests for a `http.Server`. In other words, makes\n      a regular http.Server WebSocket-compatible.\n    - **Parameters**\n      - `http.Server`: server to attach to.\n      - `Object`: optional, options object\n    - **Options**\n      - `path` (`String`): name of the path to capture (`/engine.io`).\n      - `destroyUpgrade` (`Boolean`): destroy unhandled upgrade requests (`true`)\n      - `destroyUpgradeTimeout` (`Number`): milliseconds after which unhandled requests are ended (`1000`)\n\n<hr><br>\n\n#### Socket\n\nA representation of a client. _Inherits from EventEmitter_.\n\n##### Events\n\n- `close`\n    - Fired when the client is disconnected.\n    - **Arguments**\n      - `String`: reason for closing\n      - `Object`: description object (optional)\n- `message`\n    - Fired when the client sends a message.\n    - **Arguments**\n      - `String` or `Buffer`: Unicode string or Buffer with binary contents\n- `error`\n    - Fired when an error occurs.\n    - **Arguments**\n      - `Error`: error object\n- `flush`\n    - Called when the write buffer is being flushed.\n    - **Arguments**\n      - `Array`: write buffer\n- `drain`\n    - Called when the write buffer is drained\n- `packet`\n    - Called when a socket received a packet (`message`, `ping`)\n    - **Arguments**\n      - `type`: packet type\n      - `data`: packet data (if type is message)\n- `packetCreate`\n    - Called before a socket sends a packet (`message`, `pong`)\n    - **Arguments**\n      - `type`: packet type\n      - `data`: packet data (if type is message)\n\n##### Properties\n\n- `id` _(String)_: unique identifier\n- `server` _(Server)_: engine parent reference\n- `request` _(http.ServerRequest)_: request that originated the Socket\n- `upgraded` _(Boolean)_: whether the transport has been upgraded\n- `readyState` _(String)_: opening|open|closing|closed\n- `transport` _(Transport)_: transport reference\n\n##### Methods\n\n- `send`:\n    - Sends a message, performing `message = toString(arguments[0])` unless\n      sending binary data, which is sent as is.\n    - **Parameters**\n      - `String` | `Buffer` | `ArrayBuffer` | `ArrayBufferView`: a string or any object implementing `toString()`, with outgoing data, or a Buffer or ArrayBuffer with binary data. Also any ArrayBufferView can be sent as is.\n      - `Function`: optional, a callback executed when the message gets flushed out by the transport\n    - **Returns** `Socket` for chaining\n- `close`\n    - Disconnects the client\n    - **Returns** `Socket` for chaining\n\n### Client\n\n<hr><br>\n\nExposed in the `eio` global namespace (in the browser), or by\n`require(\'engine.io-client\')` (in Node.JS).\n\nFor the client API refer to the \n[engine-client](http://github.com/learnboost/engine.io-client) repository.\n\n## Debug / logging\n\nEngine.IO is powered by [debug](http://github.com/visionmedia/debug).\nIn order to see all the debug output, run your app with the environment variable\n`DEBUG` including the desired scope.\n\nTo see the output from all of Engine.IO\'s debugging scopes you can use:\n\n```\nDEBUG=engine* node myapp\n```\n\n## Transports\n\n- `polling`: XHR / JSONP polling transport.\n- `websocket`: WebSocket transport.\n\n## Plugins\n\n- [engine.io-conflation](https://github.com/EugenDueck/engine.io-conflation): Makes **conflation and aggregation** of messages straightforward.\n\n## Support\n\nThe support channels for `engine.io` are the same as `socket.io`:\n  - irc.freenode.net **#socket.io**\n  - [Google Groups](http://groups.google.com/group/socket_io)\n  - [Website](http://socket.io)\n\n## Development\n\nTo contribute patches, run tests or benchmarks, make sure to clone the\nrepository:\n\n```\ngit clone git://github.com/LearnBoost/engine.io.git\n```\n\nThen:\n\n```\ncd engine.io\nnpm install\n```\n\n## Tests\n\nTests run with `make test`. It runs the server tests that are aided by\nthe usage of `engine.io-client`.\n\nMake sure `npm install` is run first.\n\n## Goals\n\nThe main goal of `Engine` is ensuring the most reliable realtime communication.\nUnlike the previous Socket.IO core, it always establishes a long-polling\nconnection first, then tries to upgrade to better transports that are "tested" on\nthe side.\n\nDuring the lifetime of the Socket.IO projects, we\'ve found countless drawbacks\nto relying on `HTML5 WebSocket` or `Flash Socket` as the first connection\nmechanisms.\n\nBoth are clearly the _right way_ of establishing a bidirectional communication,\nwith HTML5 WebSocket being the way of the future. However, to answer most business\nneeds, alternative traditional HTTP 1.1 mechanisms are just as good as delivering\nthe same solution.\n\nWebSocket based connections have two fundamental benefits:\n\n1. **Better server performance**\n  - _A: Load balancers_<br>\n      Load balancing a long polling connection poses a serious architectural nightmare\n      since requests can come from any number of open sockets by the user agent, but\n      they all need to be routed to the process and computer that owns the `Engine`\n      connection. This negatively impacts RAM and CPU usage.\n  - _B: Network traffic_<br>\n      WebSocket is designed around the premise that each message frame has to be \n      surrounded by the least amount of data. In HTTP 1.1 transports, each message\n      frame is surrounded by HTTP headers and chunked encoding frames. If you try to\n      send the message _"Hello world"_ with xhr-polling, the message ultimately\n      becomes larger than if you were to send it with WebSocket.\n  - _C: Lightweight parser_<br>\n      As an effect of **B**, the server has to do a lot more work to parse the network\n      data and figure out the message when traditional HTTP requests are used\n      (as in long polling). This means that another advantage of WebSocket is\n      less server CPU usage.\n\n2. **Better user experience**\n\n    Due to the reasons stated in point **1**, the most important effect of being able\n    to establish a WebSocket connection is raw data transfer speed, which translates\n    in _some_ cases in better user experience.\n\n    Applications with heavy realtime interaction (such as games) will benefit greatly,\n    whereas applications like realtime chat (Gmail/Facebook), newsfeeds (Facebook) or\n    timelines (Twitter) will have negligible user experience improvements.\n\nHaving said this, attempting to establish a WebSocket connection directly so far has\nproven problematic:\n\n1. **Proxies**<br>\n    Many corporate proxies block WebSocket traffic.\n\n2. **Personal firewall and antivirus software**<br>\n    As a result of our research, we\'ve found that at least 3 personal security\n    applications block WebSocket traffic.\n\n3. **Cloud application platforms**<br>\n    Platforms like Heroku or No.de have had trouble keeping up with the fast-paced\n    nature of the evolution of the WebSocket protocol. Applications therefore end up\n    inevitably using long polling, but the seamless installation experience of \n    Socket.IO we strive for (_"require() it and it just works"_) disappears.\n\nSome of these problems have solutions. In the case of proxies and personal programs,\nhowever, the solutions many times involve upgrading software. Experience has shown\nthat relying on client software upgrades to deliver a business solution is\nfruitless: the very existence of this project has to do with a fragmented panorama\nof user agent distribution, with clients connecting with latest versions of the most\nmodern user agents (Chrome, Firefox and Safari), but others with versions as low as\nIE 5.5.\n\nFrom the user perspective, an unsuccessful WebSocket connection can translate in\nup to at least 10 seconds of waiting for the realtime application to begin\nexchanging data. This **perceptively** hurts user experience.\n\nTo summarize, **Engine** focuses on reliability and user experience first, marginal\npotential UX improvements and increased server performance second. `Engine` is the\nresult of all the lessons learned with WebSocket in the wild.\n\n## Architecture\n\nThe main premise of `Engine`, and the core of its existence, is the ability to\nswap transports on the fly. A connection starts as xhr-polling, but it can\nswitch to WebSocket.\n\nThe central problem this poses is: how do we switch transports without losing\nmessages?\n\n`Engine` only switches from polling to another transport in between polling\ncycles. Since the server closes the connection after a certain timeout when\nthere\'s no activity, and the polling transport implementation buffers messages\nin between connections, this ensures no message loss and optimal performance.\n\nAnother benefit of this design is that we workaround almost all the limitations\nof **Flash Socket**, such as slow connection times, increased file size (we can\nsafely lazy load it without hurting user experience), etc.\n\n## FAQ\n\n### Can I use engine without Socket.IO ?\n\nAbsolutely. Although the recommended framework for building realtime applications\nis Socket.IO, since it provides fundamental features for real-world applications \nsuch as multiplexing, reconnection support, etc.\n\n`Engine` is to Socket.IO what Connect is to Express. An essential piece for building\nrealtime frameworks, but something you _probably_ won\'t be using for building\nactual applications.\n\n### Does the server serve the client?\n\nNo. The main reason is that `Engine` is meant to be bundled with frameworks.\nSocket.IO includes `Engine`, therefore serving two clients is not necessary. If\nyou use Socket.IO, including\n\n```html\n<script src="/socket.io/socket.io.js">\n```\n\nhas you covered.\n\n### Can I implement `Engine` in other languages?\n\nAbsolutely. The [engine.io-protocol](https://github.com/LearnBoost/engine.io-protocol)\nrepository contains the most up to date description of the specification\nat all times, and the parser implementation in JavaScript.\n\n## License \n\n(The MIT License)\n\nCopyright (c) 2014 Guillermo Rauch &lt;guillermo@learnboost.com&gt;\n\nPermission is hereby granted, free of charge, to any person obtaining\na copy of this software and associated documentation files (the\n\'Software\'), to deal in the Software without restriction, including\nwithout limitation the rights to use, copy, modify, merge, publish,\ndistribute, sublicense, and/or sell copies of the Software, and to\npermit persons to whom the Software is furnished to do so, subject to\nthe following conditions:\n\nThe above copyright notice and this permission notice shall be\nincluded in all copies or substantial portions of the Software.\n\nTHE SOFTWARE IS PROVIDED \'AS IS\', WITHOUT WARRANTY OF ANY KIND,\nEXPRESS OR IMPLIED, INCLUDING BUT NOT LIMITED TO THE WARRANTIES OF\nMERCHANTABILITY, FITNESS FOR A PARTICULAR PURPOSE AND NONINFRINGEMENT.\nIN NO EVENT SHALL THE AUTHORS OR COPYRIGHT HOLDERS BE LIABLE FOR ANY\nCLAIM, DAMAGES OR OTHER LIABILITY, WHETHER IN AN ACTION OF CONTRACT,\nTORT OR OTHERWISE, ARISING FROM, OUT OF OR IN CONNECTION WITH THE\nSOFTWARE OR THE USE OR OTHER DEALINGS IN THE SOFTWARE.\n\n',
39 silly resolved     readmeFilename: 'README.md',
39 silly resolved     bugs: { url: 'https://github.com/LearnBoost/engine.io/issues' },
39 silly resolved     _id: 'engine.io@1.4.3',
39 silly resolved     _from: 'engine.io@' } ]
40 info install engine.io@1.4.3 into /usr/local/lib
41 info installOne engine.io@1.4.3
42 verbose lib/node_modules/engine.io unbuild
43 verbose tar unpack /Users/Nitesh/.npm/engine.io/1.4.3/package.tgz
44 silly lockFile e30460dc-local-lib-node-modules-engine-io tar:///usr/local/lib/node_modules/engine.io
45 verbose lock tar:///usr/local/lib/node_modules/engine.io /Users/Nitesh/.npm/e30460dc-local-lib-node-modules-engine-io.lock
46 silly lockFile 05c40e00--npm-engine-io-1-4-3-package-tgz tar:///Users/Nitesh/.npm/engine.io/1.4.3/package.tgz
47 verbose lock tar:///Users/Nitesh/.npm/engine.io/1.4.3/package.tgz /Users/Nitesh/.npm/05c40e00--npm-engine-io-1-4-3-package-tgz.lock
48 silly gunzTarPerm modes [ '755', '644' ]
49 error Error: EACCES, mkdir '/usr/local/lib/node_modules/engine.io'
49 error  { [Error: EACCES, mkdir '/usr/local/lib/node_modules/engine.io']
49 error   errno: 3,
49 error   code: 'EACCES',
49 error   path: '/usr/local/lib/node_modules/engine.io',
49 error   fstream_type: 'Directory',
49 error   fstream_path: '/usr/local/lib/node_modules/engine.io',
49 error   fstream_class: 'DirWriter',
49 error   fstream_stack:
49 error    [ '/usr/local/lib/node_modules/npm/node_modules/fstream/lib/dir-writer.js:36:23',
49 error      '/usr/local/lib/node_modules/npm/node_modules/mkdirp/index.js:46:53',
49 error      'Object.oncomplete (fs.js:108:15)' ] }
50 error Please try running this command again as root/Administrator.
51 error System Darwin 14.0.0
52 error command "/usr/local/bin/node" "/usr/local/bin/npm" "install" "engine.io" "-g"
53 error cwd /Users/Nitesh/Developer/foa/socket.io/examples/chat
54 error node -v v0.10.35
55 error npm -v 1.4.28
56 error path /usr/local/lib/node_modules/engine.io
57 error fstream_path /usr/local/lib/node_modules/engine.io
58 error fstream_type Directory
59 error fstream_class DirWriter
60 error code EACCES
61 error errno 3
62 error stack Error: EACCES, mkdir '/usr/local/lib/node_modules/engine.io'
63 error fstream_stack /usr/local/lib/node_modules/npm/node_modules/fstream/lib/dir-writer.js:36:23
63 error fstream_stack /usr/local/lib/node_modules/npm/node_modules/mkdirp/index.js:46:53
63 error fstream_stack Object.oncomplete (fs.js:108:15)
64 verbose exit [ 3, true ]
